{"total": {"lines":{"total":640,"covered":554,"skipped":0,"pct":86.56},"statements":{"total":737,"covered":635,"skipped":0,"pct":86.16},"functions":{"total":23,"covered":23,"skipped":0,"pct":100},"branches":{"total":672,"covered":550,"skipped":0,"pct":81.85}}
,"/home/tom/Documents/open/tbjgolden/media-query-parser/src/parse/lexicalAnalysis.ts": {"lines":{"total":369,"covered":320,"skipped":0,"pct":86.72},"functions":{"total":10,"covered":10,"skipped":0,"pct":100},"statements":{"total":440,"covered":377,"skipped":0,"pct":85.68},"branches":{"total":356,"covered":304,"skipped":0,"pct":85.39}}
,"/home/tom/Documents/open/tbjgolden/media-query-parser/src/parse/simplifyAST.ts": {"lines":{"total":22,"covered":21,"skipped":0,"pct":95.45},"functions":{"total":3,"covered":3,"skipped":0,"pct":100},"statements":{"total":26,"covered":24,"skipped":0,"pct":92.31},"branches":{"total":22,"covered":20,"skipped":0,"pct":90.91}}
,"/home/tom/Documents/open/tbjgolden/media-query-parser/src/parse/syntacticAnalysis.ts": {"lines":{"total":249,"covered":213,"skipped":0,"pct":85.54},"functions":{"total":10,"covered":10,"skipped":0,"pct":100},"statements":{"total":271,"covered":234,"skipped":0,"pct":86.35},"branches":{"total":294,"covered":226,"skipped":0,"pct":76.87}}
}
