{"total": {"lines":{"total":643,"covered":554,"skipped":0,"pct":86.15},"statements":{"total":741,"covered":635,"skipped":0,"pct":85.69},"functions":{"total":23,"covered":23,"skipped":0,"pct":100},"branches":{"total":577,"covered":478,"skipped":0,"pct":82.84},"branchesTrue":{"total":0,"covered":0,"skipped":0,"pct":"Unknown"}}
,"/Users/tom/Documents/media-query-parser/src/parse/lexicalAnalysis.ts": {"lines":{"total":369,"covered":320,"skipped":0,"pct":86.72},"functions":{"total":10,"covered":10,"skipped":0,"pct":100},"statements":{"total":440,"covered":377,"skipped":0,"pct":85.68},"branches":{"total":296,"covered":260,"skipped":0,"pct":87.83}}
,"/Users/tom/Documents/media-query-parser/src/parse/simplifyAST.ts": {"lines":{"total":25,"covered":21,"skipped":0,"pct":84},"functions":{"total":3,"covered":3,"skipped":0,"pct":100},"statements":{"total":30,"covered":24,"skipped":0,"pct":80},"branches":{"total":18,"covered":16,"skipped":0,"pct":88.88}}
,"/Users/tom/Documents/media-query-parser/src/parse/syntacticAnalysis.ts": {"lines":{"total":249,"covered":213,"skipped":0,"pct":85.54},"functions":{"total":10,"covered":10,"skipped":0,"pct":100},"statements":{"total":271,"covered":234,"skipped":0,"pct":86.34},"branches":{"total":263,"covered":202,"skipped":0,"pct":76.8}}
}
