TN:
SF:src/parse/lexicalAnalysis.ts
FN:115,(anonymous_0)
FN:425,(anonymous_1)
FN:455,(anonymous_2)
FN:496,(anonymous_3)
FN:538,(anonymous_4)
FN:571,(anonymous_5)
FN:667,(anonymous_6)
FN:708,(anonymous_7)
FN:747,(anonymous_8)
FN:780,(anonymous_9)
FNF:10
FNH:10
FNDA:127,(anonymous_0)
FNDA:116,(anonymous_1)
FNDA:16210,(anonymous_2)
FNDA:14284,(anonymous_3)
FNDA:7587,(anonymous_4)
FNDA:7606,(anonymous_5)
FNDA:629,(anonymous_6)
FNDA:15605,(anonymous_7)
FNDA:19,(anonymous_8)
FNDA:11904,(anonymous_9)
DA:111,4
DA:112,4
DA:113,4
DA:115,254
DA:117,127
DA:120,127
DA:122,127
DA:123,127
DA:124,57677
DA:125,57677
DA:126,20169
DA:127,20169
DA:128,16391
DA:130,20169
DA:131,20169
DA:134,37508
DA:135,22
DA:136,22
DA:137,1
DA:139,21
DA:140,21
DA:144,21
DA:145,37486
DA:147,615
DA:148,614
DA:150,614
DA:160,613
DA:167,613
DA:168,613
DA:169,613
DA:170,613
DA:175,613
DA:176,613
DA:181,2
DA:182,36871
DA:183,70
DA:184,70
DA:185,1
DA:187,69
DA:188,69
DA:192,69
DA:193,36801
DA:194,272
DA:195,36529
DA:196,627
DA:197,35902
DA:198,171
DA:199,171
DA:200,167
DA:205,4
DA:206,4
DA:207,1
DA:213,3
DA:214,2
DA:220,1
DA:226,4
DA:228,35731
DA:229,911
DA:230,34820
DA:231,431
DA:232,431
DA:233,87
DA:234,87
DA:235,69
DA:241,18
DA:242,10
DA:248,8
DA:254,87
DA:255,87
DA:258,344
DA:259,344
DA:260,344
DA:261,344
DA:262,1
DA:265,1
DA:266,1
DA:270,343
DA:271,343
DA:272,310
DA:273,310
DA:277,310
DA:278,310
DA:281,33
DA:285,34389
DA:286,3492
DA:287,3492
DA:288,3489
DA:293,3
DA:294,3
DA:295,1
DA:301,2
DA:302,1
DA:308,1
DA:314,3
DA:315,3
DA:317,30897
DA:318,4995
DA:319,25902
DA:320,4098
DA:321,21804
DA:323,29
DA:324,29
DA:325,29
DA:326,29
DA:327,29
DA:332,1
DA:335,1
DA:336,1
DA:340,28
DA:344,21775
DA:346,103
DA:347,103
DA:348,101
DA:349,101
DA:353,101
DA:354,101
DA:357,2
DA:358,21672
DA:359,78
DA:360,21594
DA:361,2
DA:362,2
DA:363,1
DA:365,1
DA:366,1
DA:367,1
DA:368,21592
DA:369,78
DA:370,21514
DA:371,2391
DA:372,19123
DA:373,2391
DA:374,16732
DA:375,3478
DA:378,3478
DA:379,3478
DA:380,1616
DA:386,1862
DA:387,1564
DA:393,298
DA:400,3478
DA:401,13254
DA:407,11535
DA:408,11535
DA:409,1
DA:411,11534
DA:412,11534
DA:416,11534
DA:418,1719
DA:421,123
DA:422,123
DA:425,4
DA:429,116
DA:430,115
DA:431,115
DA:432,115
DA:433,5014
DA:434,5014
DA:436,107
DA:437,4907
DA:439,16
DA:440,16
DA:441,15
DA:442,15
DA:443,15
DA:444,4891
DA:446,4
DA:448,4887
DA:452,3
DA:455,4
DA:456,16210
DA:457,16210
DA:458,16210
DA:460,358
DA:462,356
DA:463,356
DA:470,319
DA:471,37
DA:472,2
DA:473,2
DA:474,2
DA:476,35
DA:478,15852
DA:485,13639
DA:486,2213
DA:488,5
DA:489,5
DA:490,5
DA:492,2208
DA:496,4
DA:500,14284
DA:501,14214
DA:503,40
DA:504,40
DA:505,4
DA:506,36
DA:511,20
DA:512,20
DA:513,20
DA:514,20
DA:515,36
DA:516,36
DA:521,20
DA:523,16
DA:526,20
DA:527,16
DA:528,16
DA:529,10
DA:532,20
DA:534,16
DA:538,4
DA:551,7587
DA:552,7587
DA:553,3582
DA:555,3582
DA:556,3582
DA:557,1690
DA:558,1690
DA:561,1892
DA:565,309
DA:568,1583
DA:571,4
DA:575,7606
DA:577,7604
DA:579,7604
DA:580,7604
DA:581,7604
DA:582,615
DA:583,615
DA:585,7604
DA:586,12319
DA:587,12319
DA:588,4724
DA:589,4724
DA:591,7595
DA:595,7604
DA:596,7583
DA:597,7583
DA:599,7583
DA:604,1292
DA:605,1292
DA:606,1292
DA:608,1292
DA:609,2980
DA:610,2980
DA:611,1694
DA:612,1694
DA:614,1286
DA:620,7604
DA:621,7577
DA:622,7577
DA:623,7577
DA:625,7577
DA:626,97
DA:627,97
DA:633,9
DA:634,9
DA:635,4
DA:636,4
DA:637,5
DA:638,2
DA:639,2
DA:641,3
DA:642,3
DA:645,9
DA:646,5
DA:647,5
DA:648,3
DA:649,3
DA:651,2
DA:658,7604
DA:660,7604
DA:661,7604
DA:663,7604
DA:667,4
DA:671,629
DA:672,1
DA:675,628
DA:676,628
DA:677,628
DA:681,3863
DA:689,3243
DA:690,3243
DA:692,620
DA:693,620
DA:694,1
DA:695,1
DA:696,1
DA:697,1
DA:700,619
DA:703,628
DA:708,4
DA:712,15605
DA:713,1939
DA:716,13666
DA:717,13666
DA:718,13666
DA:722,132516
DA:730,118887
DA:731,118887
DA:733,13629
DA:734,13629
DA:735,6
DA:736,6
DA:737,6
DA:738,6
DA:741,13623
DA:744,13666
DA:747,4
DA:751,19
DA:752,19
DA:753,4
DA:756,19
DA:757,19
DA:758,19
DA:759,111
DA:760,15
DA:761,96
DA:762,2
DA:763,94
DA:764,4
DA:765,90
DA:766,3
DA:767,3
DA:768,3
DA:769,3
DA:770,3
DA:772,87
DA:773,86
DA:775,93
DA:777,1
DA:780,4
DA:786,11904
DA:787,11904
DA:789,11864
DA:790,11864
DA:791,25
DA:792,24
DA:793,24
DA:794,24
DA:795,27
DA:796,27
DA:797,20
DA:798,7
DA:803,3
DA:804,3
DA:805,2
DA:806,2
DA:809,1
DA:812,11839
DA:813,11813
DA:814,11813
DA:815,339
DA:819,11501
LF:354
LH:354
BRDA:115,0,0,127
BRDA:125,1,0,20169
BRDA:125,1,1,37508
BRDA:125,2,0,57677
BRDA:125,2,1,57677
BRDA:125,2,2,46914
BRDA:127,3,0,36560
BRDA:127,3,1,36560
BRDA:127,3,2,20171
BRDA:134,4,0,22
BRDA:134,4,1,37486
BRDA:136,5,0,1
BRDA:145,6,0,615
BRDA:145,6,1,36871
BRDA:147,7,0,614
BRDA:150,8,0,613
BRDA:151,9,0,614
BRDA:151,9,1,614
BRDA:151,9,2,298
BRDA:151,9,3,614
BRDA:151,9,4,298
BRDA:151,9,5,316
BRDA:151,9,6,316
BRDA:151,9,7,315
BRDA:151,9,8,1
BRDA:151,9,9,0
BRDA:151,9,10,0
BRDA:160,10,0,298
BRDA:160,10,1,315
BRDA:168,11,0,613
BRDA:182,12,0,70
BRDA:182,12,1,36801
BRDA:184,13,0,1
BRDA:193,14,0,272
BRDA:193,14,1,36529
BRDA:195,15,0,627
BRDA:195,15,1,35902
BRDA:197,16,0,171
BRDA:197,16,1,35731
BRDA:199,17,0,167
BRDA:199,17,1,4
BRDA:206,18,0,1
BRDA:206,18,1,3
BRDA:213,19,0,2
BRDA:213,19,1,1
BRDA:228,20,0,911
BRDA:228,20,1,34820
BRDA:230,21,0,431
BRDA:230,21,1,34389
BRDA:232,22,0,87
BRDA:234,23,0,69
BRDA:234,23,1,18
BRDA:241,24,0,10
BRDA:241,24,1,8
BRDA:258,25,0,344
BRDA:261,26,0,1
BRDA:261,27,0,344
BRDA:261,27,1,206
BRDA:271,28,0,310
BRDA:285,29,0,3492
BRDA:285,29,1,30897
BRDA:287,30,0,3489
BRDA:287,30,1,3
BRDA:294,31,0,1
BRDA:294,31,1,2
BRDA:301,32,0,1
BRDA:301,32,1,1
BRDA:317,33,0,4995
BRDA:317,33,1,25902
BRDA:319,34,0,4098
BRDA:319,34,1,21804
BRDA:321,35,0,29
BRDA:321,35,1,21775
BRDA:323,36,0,29
BRDA:327,37,0,1
BRDA:328,38,0,29
BRDA:328,38,1,1
BRDA:328,38,2,1
BRDA:344,39,0,103
BRDA:344,39,1,21672
BRDA:347,40,0,101
BRDA:358,41,0,78
BRDA:358,41,1,21594
BRDA:360,42,0,2
BRDA:360,42,1,21592
BRDA:362,43,0,1
BRDA:368,44,0,78
BRDA:368,44,1,21514
BRDA:370,45,0,2391
BRDA:370,45,1,19123
BRDA:372,46,0,2391
BRDA:372,46,1,16732
BRDA:374,47,0,3478
BRDA:374,47,1,13254
BRDA:374,48,0,16732
BRDA:374,48,1,15376
BRDA:379,49,0,1616
BRDA:379,49,1,1862
BRDA:386,50,0,1564
BRDA:386,50,1,298
BRDA:401,51,0,11535
BRDA:401,51,1,1719
BRDA:402,52,0,13254
BRDA:402,52,1,13254
BRDA:402,52,2,11583
BRDA:402,52,3,13248
BRDA:402,52,4,11552
BRDA:402,52,5,1719
BRDA:408,53,0,1
BRDA:429,54,0,1
BRDA:434,55,0,107
BRDA:434,55,1,4907
BRDA:437,56,0,16
BRDA:437,56,1,4891
BRDA:440,57,0,1
BRDA:444,58,0,4
BRDA:444,58,1,4887
BRDA:456,59,0,0
BRDA:458,60,0,358
BRDA:458,60,1,15852
BRDA:460,61,0,2
BRDA:463,62,0,319
BRDA:463,62,1,37
BRDA:464,63,0,356
BRDA:464,63,1,149
BRDA:464,63,2,149
BRDA:464,63,3,114
BRDA:464,63,4,149
BRDA:464,63,5,112
BRDA:464,63,6,37
BRDA:471,64,0,2
BRDA:471,64,1,35
BRDA:472,65,0,0
BRDA:478,66,0,13639
BRDA:478,66,1,2213
BRDA:480,67,0,15852
BRDA:480,67,1,15847
BRDA:480,67,2,13639
BRDA:480,67,3,15840
BRDA:480,67,4,13627
BRDA:480,67,5,2213
BRDA:486,68,0,5
BRDA:486,68,1,2208
BRDA:488,69,0,0
BRDA:500,70,0,70
BRDA:501,71,0,14174
BRDA:504,72,0,4
BRDA:504,72,1,36
BRDA:506,73,0,20
BRDA:506,73,1,16
BRDA:507,74,0,36
BRDA:507,74,1,24
BRDA:507,74,2,17
BRDA:507,74,3,5
BRDA:507,74,4,17
BRDA:507,74,5,1
BRDA:516,75,0,20
BRDA:516,75,1,16
BRDA:517,76,0,36
BRDA:517,76,1,24
BRDA:517,76,2,29
BRDA:517,76,3,17
BRDA:517,76,4,29
BRDA:517,76,5,17
BRDA:526,77,0,16
BRDA:528,78,0,10
BRDA:528,79,0,16
BRDA:528,79,1,16
BRDA:528,79,2,6
BRDA:552,80,0,4005
BRDA:556,81,0,1690
BRDA:561,82,0,309
BRDA:562,83,0,1892
BRDA:562,83,1,1887
BRDA:575,84,0,2
BRDA:581,85,0,615
BRDA:581,86,0,7604
BRDA:581,86,1,7429
BRDA:583,87,0,440
BRDA:587,88,0,4724
BRDA:587,88,1,7595
BRDA:587,89,0,12319
BRDA:587,89,1,5889
BRDA:595,90,0,7583
BRDA:599,91,0,1292
BRDA:600,92,0,7583
BRDA:600,92,1,4780
BRDA:600,92,2,4780
BRDA:610,93,0,1694
BRDA:610,93,1,1286
BRDA:610,94,0,2980
BRDA:610,94,1,2758
BRDA:620,95,0,7577
BRDA:625,96,0,97
BRDA:625,97,0,7577
BRDA:625,97,1,7577
BRDA:626,98,0,97
BRDA:626,98,1,92
BRDA:627,99,0,9
BRDA:628,100,0,97
BRDA:628,100,1,93
BRDA:628,100,2,90
BRDA:628,100,3,5
BRDA:628,100,4,5
BRDA:634,101,0,4
BRDA:634,101,1,5
BRDA:637,102,0,2
BRDA:637,102,1,3
BRDA:647,103,0,3
BRDA:647,103,1,2
BRDA:647,104,0,5
BRDA:647,104,1,4
BRDA:660,105,0,1299
BRDA:660,105,1,6305
BRDA:661,106,0,1051
BRDA:663,107,0,4008
BRDA:663,107,1,3596
BRDA:671,108,0,1
BRDA:681,109,0,3243
BRDA:681,109,1,620
BRDA:682,110,0,3863
BRDA:682,110,1,3854
BRDA:682,110,2,3853
BRDA:682,110,3,1490
BRDA:682,110,4,3853
BRDA:682,110,5,1486
BRDA:682,110,6,2369
BRDA:682,110,7,2369
BRDA:682,110,8,2326
BRDA:693,111,0,1
BRDA:703,112,0,4
BRDA:703,112,1,624
BRDA:712,113,0,1939
BRDA:712,114,0,15605
BRDA:712,114,1,15597
BRDA:722,115,0,118887
BRDA:722,115,1,13629
BRDA:723,116,0,132516
BRDA:723,116,1,122819
BRDA:723,116,2,122814
BRDA:723,116,3,108209
BRDA:723,116,4,122786
BRDA:723,116,5,108058
BRDA:723,116,6,14729
BRDA:723,116,7,14729
BRDA:723,116,8,8632
BRDA:734,117,0,6
BRDA:752,118,0,23
BRDA:752,118,1,23
BRDA:752,118,2,19
BRDA:759,119,0,15
BRDA:759,119,1,96
BRDA:761,120,0,2
BRDA:761,120,1,94
BRDA:761,121,0,96
BRDA:761,121,1,96
BRDA:761,121,2,96
BRDA:763,122,0,4
BRDA:763,122,1,90
BRDA:763,123,0,94
BRDA:763,123,1,94
BRDA:763,123,2,90
BRDA:764,124,0,3
BRDA:764,125,0,4
BRDA:764,125,1,3
BRDA:765,126,0,3
BRDA:765,126,1,87
BRDA:767,127,0,0
BRDA:767,128,0,3
BRDA:767,128,1,3
BRDA:772,129,0,1
BRDA:787,130,0,40
BRDA:790,131,0,25
BRDA:790,131,1,11839
BRDA:791,132,0,24
BRDA:793,133,0,24
BRDA:796,134,0,20
BRDA:796,134,1,7
BRDA:796,135,0,27
BRDA:796,135,1,7
BRDA:798,136,0,3
BRDA:799,137,0,7
BRDA:799,137,1,7
BRDA:799,137,2,3
BRDA:804,138,0,1
BRDA:812,139,0,11813
BRDA:814,140,0,339
BRF:287
BRH:281
end_of_record
TN:
SF:src/parse/simplifyAST.ts
FN:9,(anonymous_0)
FN:17,(anonymous_1)
FN:36,(anonymous_2)
FNF:3
FNH:3
FNDA:28,(anonymous_0)
FNDA:28,(anonymous_1)
FNDA:70,(anonymous_2)
DA:9,3
DA:10,28
DA:11,28
DA:14,28
DA:17,3
DA:18,28
DA:20,27
DA:21,27
DA:26,12
DA:29,27
DA:36,3
DA:39,70
DA:40,96
DA:43,96
DA:44,43
DA:45,43
DA:46,21
DA:47,22
DA:55,1
DA:56,1
DA:57,2
DA:59,1
DA:67,70
LF:23
LH:23
BRDA:18,0,0,1
BRDA:21,1,0,12
BRDA:22,2,0,27
BRDA:22,2,1,15
BRDA:22,2,2,15
BRDA:43,3,0,43
BRDA:45,4,0,21
BRDA:45,4,1,22
BRDA:45,5,0,43
BRDA:45,5,1,21
BRDA:47,6,0,1
BRDA:48,7,0,22
BRDA:48,7,1,2
BRDA:48,7,2,1
BRF:14
BRH:14
end_of_record
TN:
SF:src/parse/syntacticAnalysis.ts
FN:10,(anonymous_0)
FN:22,(anonymous_1)
FN:26,(anonymous_2)
FN:62,(anonymous_3)
FN:85,(anonymous_4)
FN:101,(anonymous_5)
FN:130,(anonymous_6)
FN:249,(anonymous_7)
FN:363,(anonymous_8)
FN:513,(anonymous_9)
FNF:10
FNH:10
FNDA:41,(anonymous_0)
FNDA:8,(anonymous_1)
FNDA:112,(anonymous_2)
FNDA:132,(anonymous_3)
FNDA:109,(anonymous_4)
FNDA:118,(anonymous_5)
FNDA:113,(anonymous_6)
FNDA:177,(anonymous_7)
FNDA:121,(anonymous_8)
FNDA:30,(anonymous_9)
DA:1,3
DA:8,3
DA:10,3
DA:11,41
DA:12,28
DA:14,13
DA:22,3
DA:23,8
DA:26,3
DA:27,112
DA:30,112
DA:31,1
DA:35,111
DA:36,111
DA:37,111
DA:41,5
DA:42,1
DA:45,4
DA:46,4
DA:47,14
DA:48,14
DA:49,1
DA:50,1
DA:51,13
DA:52,1
DA:57,109
DA:59,109
DA:62,3
DA:63,132
DA:65,132
DA:66,132
DA:67,1066
DA:68,264
DA:69,264
DA:70,249
DA:73,802
DA:78,802
DA:82,132
DA:85,3
DA:86,109
DA:87,109
DA:88,1050
DA:89,1050
DA:90,12
DA:92,1038
DA:96,109
DA:97,109
DA:99,1
DA:101,108
DA:102,118
DA:103,5
DA:105,113
DA:109,80
DA:110,90
DA:111,90
DA:112,85
DA:116,80
DA:117,1
DA:120,79
DA:130,3
DA:131,113
DA:132,113
DA:133,70
DA:134,70
DA:140,15
DA:142,43
DA:143,42
DA:144,42
DA:146,42
DA:147,42
DA:148,23
DA:151,42
DA:153,42
DA:154,1
DA:157,41
DA:159,41
DA:160,32
DA:162,32
DA:163,10
DA:164,22
DA:165,18
DA:166,4
DA:177,3
DA:178,3
DA:180,1
DA:182,9
DA:186,7
DA:189,7
DA:190,7
DA:196,7
DA:197,7
DA:203,2
DA:206,2
DA:209,31
DA:210,16
DA:215,15
DA:216,12
DA:217,12
DA:221,11
DA:222,11
DA:231,2
DA:234,1
DA:237,3
DA:240,1
DA:249,3
DA:252,302
DA:254,177
DA:259,2
DA:262,175
DA:263,175
DA:264,175
DA:265,175
DA:266,1044
DA:267,1044
DA:268,301
DA:269,301
DA:270,743
DA:271,300
DA:273,1044
DA:274,174
DA:275,174
DA:279,175
DA:280,1
DA:284,174
DA:285,174
DA:286,119
DA:288,55
DA:292,18
DA:294,37
DA:298,162
DA:299,121
DA:305,41
DA:306,41
DA:307,1
DA:308,40
DA:312,3
DA:315,37
DA:316,1
DA:319,36
DA:320,2
DA:325,34
DA:331,32
DA:363,3
DA:364,121
DA:369,1
DA:372,120
DA:374,120
DA:375,390
DA:376,153
DA:377,153
DA:378,153
DA:379,153
DA:387,4
DA:394,4
DA:395,4
DA:398,386
DA:401,120
DA:402,120
DA:403,64
DA:407,56
DA:412,27
DA:413,27
DA:419,27
DA:421,27
DA:423,27
DA:424,27
DA:425,12
DA:426,12
DA:427,15
DA:428,7
DA:429,7
DA:432,54
DA:434,27
DA:441,29
DA:442,28
DA:443,28
DA:444,19
DA:450,9
DA:454,1
DA:513,3
DA:514,30
DA:519,2
DA:523,28
DA:532,28
DA:536,28
DA:537,27
DA:538,17
DA:543,6
DA:545,11
DA:547,10
DA:548,5
DA:553,2
DA:555,3
DA:557,5
DA:558,4
DA:560,1
DA:563,26
DA:564,18
DA:565,8
DA:566,7
DA:568,1
DA:572,25
DA:573,25
DA:575,25
DA:576,18
DA:577,17
DA:579,17
DA:581,11
DA:582,11
DA:583,11
DA:584,10
DA:585,10
DA:586,7
DA:591,3
DA:593,4
DA:595,3
DA:596,2
DA:601,1
DA:603,1
DA:606,1
DA:610,9
DA:612,9
DA:614,1
DA:616,6
DA:617,1
DA:620,1
DA:623,7
DA:626,21
DA:634,105
DA:636,21
DA:637,21
DA:638,14
DA:639,4
DA:640,2
DA:641,2
DA:643,12
DA:648,24
DA:649,12
DA:652,21
DA:653,21
DA:654,16
DA:655,4
DA:656,2
DA:657,2
DA:659,14
DA:664,28
DA:665,14
DA:669,21
DA:670,9
DA:674,6
DA:675,3
DA:679,1
DA:681,2
DA:683,12
DA:689,7
DA:690,5
DA:696,5
DA:699,19
DA:701,1
LF:259
LH:259
BRDA:11,0,0,28
BRDA:11,0,1,13
BRDA:30,1,0,1
BRDA:37,2,0,5
BRDA:38,3,0,111
BRDA:38,3,1,5
BRDA:41,4,0,1
BRDA:48,5,0,1
BRDA:48,5,1,13
BRDA:51,6,0,1
BRDA:67,7,0,264
BRDA:67,7,1,802
BRDA:69,8,0,249
BRDA:89,9,0,12
BRDA:89,9,1,1038
BRDA:97,10,0,1
BRDA:97,10,1,108
BRDA:97,11,0,109
BRDA:97,11,1,102
BRDA:102,12,0,5
BRDA:102,12,1,113
BRDA:111,13,0,85
BRDA:116,14,0,1
BRDA:132,15,0,70
BRDA:132,15,1,43
BRDA:142,16,0,42
BRDA:142,16,1,1
BRDA:147,17,0,23
BRDA:147,18,0,42
BRDA:147,18,1,37
BRDA:151,19,0,19
BRDA:151,19,1,23
BRDA:153,20,0,1
BRDA:159,21,0,32
BRDA:159,21,1,9
BRDA:162,22,0,10
BRDA:162,22,1,22
BRDA:164,23,0,18
BRDA:164,23,1,4
BRDA:164,24,0,22
BRDA:164,24,1,14
BRDA:166,25,0,3
BRDA:166,25,1,1
BRDA:167,26,0,4
BRDA:167,26,1,1
BRDA:167,26,2,1
BRDA:167,26,3,1
BRDA:167,26,4,1
BRDA:167,26,5,1
BRDA:167,26,6,1
BRDA:167,26,7,1
BRDA:177,27,0,2
BRDA:177,27,1,1
BRDA:182,28,0,7
BRDA:182,28,1,2
BRDA:183,29,0,9
BRDA:183,29,1,7
BRDA:209,30,0,16
BRDA:209,30,1,15
BRDA:215,31,0,12
BRDA:215,31,1,3
BRDA:217,32,0,11
BRDA:217,32,1,1
BRDA:218,33,0,12
BRDA:218,33,1,12
BRDA:252,34,0,125
BRDA:254,35,0,2
BRDA:255,36,0,177
BRDA:255,36,1,176
BRDA:255,36,2,175
BRDA:267,37,0,301
BRDA:267,37,1,743
BRDA:270,38,0,300
BRDA:273,39,0,174
BRDA:279,40,0,1
BRDA:285,41,0,119
BRDA:285,41,1,55
BRDA:288,42,0,18
BRDA:288,42,1,37
BRDA:289,43,0,55
BRDA:289,43,1,18
BRDA:298,44,0,121
BRDA:298,44,1,41
BRDA:306,45,0,1
BRDA:306,45,1,40
BRDA:308,46,0,3
BRDA:308,46,1,37
BRDA:309,47,0,40
BRDA:309,47,1,7
BRDA:315,48,0,1
BRDA:315,48,1,36
BRDA:315,49,0,37
BRDA:315,49,1,6
BRDA:319,50,0,2
BRDA:319,51,0,36
BRDA:319,51,1,7
BRDA:364,52,0,1
BRDA:365,53,0,121
BRDA:365,53,1,120
BRDA:365,53,2,120
BRDA:375,54,0,153
BRDA:379,55,0,4
BRDA:380,56,0,153
BRDA:380,56,1,4
BRDA:380,56,2,4
BRDA:380,56,3,4
BRDA:380,56,4,4
BRDA:380,56,5,4
BRDA:402,57,0,64
BRDA:402,57,1,56
BRDA:402,58,0,120
BRDA:402,58,1,101
BRDA:407,59,0,27
BRDA:407,59,1,29
BRDA:408,60,0,56
BRDA:408,60,1,36
BRDA:408,60,2,31
BRDA:413,61,0,27
BRDA:414,62,0,27
BRDA:414,62,1,26
BRDA:414,62,2,7
BRDA:414,62,3,6
BRDA:424,63,0,12
BRDA:424,63,1,15
BRDA:427,64,0,7
BRDA:441,65,0,28
BRDA:514,66,0,2
BRDA:515,67,0,30
BRDA:515,67,1,28
BRDA:515,67,2,28
BRDA:532,68,0,28
BRDA:532,68,1,28
BRDA:532,68,2,12
BRDA:532,68,3,11
BRDA:532,68,4,10
BRDA:536,69,0,27
BRDA:536,69,1,1
BRDA:537,70,0,17
BRDA:537,70,1,10
BRDA:538,71,0,6
BRDA:538,71,1,11
BRDA:539,72,0,17
BRDA:539,72,1,7
BRDA:539,72,2,6
BRDA:543,73,0,4
BRDA:543,73,1,2
BRDA:545,74,0,9
BRDA:545,74,1,2
BRDA:547,75,0,5
BRDA:547,75,1,5
BRDA:548,76,0,2
BRDA:548,76,1,3
BRDA:549,77,0,5
BRDA:549,77,1,2
BRDA:549,77,2,2
BRDA:553,78,0,1
BRDA:553,78,1,1
BRDA:555,79,0,1
BRDA:555,79,1,2
BRDA:557,80,0,4
BRDA:557,80,1,1
BRDA:558,81,0,3
BRDA:558,81,1,1
BRDA:563,82,0,18
BRDA:563,82,1,8
BRDA:565,83,0,7
BRDA:565,83,1,1
BRDA:572,84,0,25
BRDA:572,84,1,0
BRDA:572,85,0,25
BRDA:572,85,1,25
BRDA:572,86,0,0
BRDA:572,86,1,25
BRDA:572,87,0,25
BRDA:572,87,1,25
BRDA:572,88,0,18
BRDA:572,88,1,7
BRDA:575,89,0,18
BRDA:575,89,1,7
BRDA:576,90,0,17
BRDA:576,90,1,1
BRDA:579,91,0,11
BRDA:579,91,1,6
BRDA:583,92,0,10
BRDA:583,92,1,1
BRDA:585,93,0,7
BRDA:585,93,1,3
BRDA:586,94,0,3
BRDA:586,94,1,4
BRDA:587,95,0,7
BRDA:587,95,1,3
BRDA:587,95,2,3
BRDA:595,96,0,2
BRDA:595,96,1,1
BRDA:596,97,0,1
BRDA:596,97,1,1
BRDA:597,98,0,2
BRDA:597,98,1,1
BRDA:597,98,2,1
BRDA:610,99,0,9
BRDA:610,99,1,0
BRDA:610,100,0,9
BRDA:610,100,1,9
BRDA:610,101,0,0
BRDA:610,101,1,9
BRDA:610,102,0,9
BRDA:610,102,1,9
BRDA:616,103,0,1
BRDA:637,104,0,14
BRDA:638,105,0,2
BRDA:638,105,1,12
BRDA:640,106,0,2
BRDA:643,107,0,12
BRDA:644,108,0,12
BRDA:644,108,1,12
BRDA:644,108,2,1
BRDA:653,109,0,16
BRDA:654,110,0,2
BRDA:654,110,1,14
BRDA:656,111,0,2
BRDA:659,112,0,14
BRDA:660,113,0,14
BRDA:660,113,1,12
BRDA:660,113,2,2
BRDA:669,114,0,9
BRDA:669,114,1,12
BRDA:669,115,0,21
BRDA:669,115,1,14
BRDA:670,116,0,6
BRDA:670,116,1,3
BRDA:671,117,0,9
BRDA:671,117,1,5
BRDA:671,117,2,7
BRDA:671,117,3,4
BRDA:675,118,0,1
BRDA:675,118,1,2
BRDA:676,119,0,3
BRDA:676,119,1,3
BRDA:676,119,2,1
BRDA:676,119,3,1
BRDA:683,120,0,7
BRDA:683,120,1,5
BRDA:684,121,0,12
BRDA:684,121,1,7
BRDA:684,121,2,7
BRDA:684,121,3,7
BRDA:690,122,0,5
BRDA:691,123,0,5
BRDA:691,123,1,5
BRDA:691,123,2,5
BRDA:691,123,3,5
BRF:251
BRH:247
end_of_record
